  [1m[35m (596.6ms)[0m  [1m[35mCREATE DATABASE "grammable_development" ENCODING = 'unicode'[0m
  ↳ /Users/austinwalker/.rbenv/versions/2.3.7/bin/rake:22
  [1m[35m (536.0ms)[0m  [1m[35mCREATE DATABASE "grammable_test" ENCODING = 'unicode'[0m
  ↳ /Users/austinwalker/.rbenv/versions/2.3.7/bin/rake:22
Started GET "/" for 127.0.0.1 at 2019-09-23 22:37:44 -0500
Processing by Rails::WelcomeController#index as HTML
  Rendering /Users/austinwalker/.rbenv/versions/2.3.7/lib/ruby/gems/2.3.0/gems/railties-5.2.3/lib/rails/templates/rails/welcome/index.html.erb
  Rendered /Users/austinwalker/.rbenv/versions/2.3.7/lib/ruby/gems/2.3.0/gems/railties-5.2.3/lib/rails/templates/rails/welcome/index.html.erb (5.9ms)
Completed 200 OK in 28ms (Views: 15.8ms | ActiveRecord: 0.0ms)


Started GET "/" for 127.0.0.1 at 2019-09-23 22:42:35 -0500
Processing by Rails::WelcomeController#index as HTML
  Rendering /Users/austinwalker/.rbenv/versions/2.3.7/lib/ruby/gems/2.3.0/gems/railties-5.2.3/lib/rails/templates/rails/welcome/index.html.erb
  Rendered /Users/austinwalker/.rbenv/versions/2.3.7/lib/ruby/gems/2.3.0/gems/railties-5.2.3/lib/rails/templates/rails/welcome/index.html.erb (4.4ms)
Completed 200 OK in 16ms (Views: 9.5ms | ActiveRecord: 0.0ms)


Started GET "/" for 127.0.0.1 at 2019-09-23 22:44:56 -0500
Processing by Rails::WelcomeController#index as HTML
  Rendering /Users/austinwalker/.rbenv/versions/2.3.7/lib/ruby/gems/2.3.0/gems/railties-5.2.3/lib/rails/templates/rails/welcome/index.html.erb
  Rendered /Users/austinwalker/.rbenv/versions/2.3.7/lib/ruby/gems/2.3.0/gems/railties-5.2.3/lib/rails/templates/rails/welcome/index.html.erb (4.0ms)
Completed 200 OK in 11ms (Views: 7.3ms | ActiveRecord: 0.0ms)


Started GET "/" for 127.0.0.1 at 2019-09-23 22:50:03 -0500
Processing by Rails::WelcomeController#index as HTML
  Rendering /Users/austinwalker/.rbenv/versions/2.3.7/lib/ruby/gems/2.3.0/gems/railties-5.2.3/lib/rails/templates/rails/welcome/index.html.erb
  Rendered /Users/austinwalker/.rbenv/versions/2.3.7/lib/ruby/gems/2.3.0/gems/railties-5.2.3/lib/rails/templates/rails/welcome/index.html.erb (4.1ms)
Completed 200 OK in 13ms (Views: 8.3ms | ActiveRecord: 0.0ms)


Started GET "/" for 127.0.0.1 at 2019-09-23 23:13:02 -0500
  
AbstractController::ActionNotFound (The action 'index' could not be found for GramsController):
  
actionpack (5.2.3) lib/abstract_controller/base.rb:129:in `process'
actionview (5.2.3) lib/action_view/rendering.rb:32:in `process'
actionpack (5.2.3) lib/action_controller/metal.rb:191:in `dispatch'
actionpack (5.2.3) lib/action_controller/metal.rb:252:in `dispatch'
actionpack (5.2.3) lib/action_dispatch/routing/route_set.rb:52:in `dispatch'
actionpack (5.2.3) lib/action_dispatch/routing/route_set.rb:34:in `serve'
actionpack (5.2.3) lib/action_dispatch/journey/router.rb:52:in `block in serve'
actionpack (5.2.3) lib/action_dispatch/journey/router.rb:35:in `each'
actionpack (5.2.3) lib/action_dispatch/journey/router.rb:35:in `serve'
actionpack (5.2.3) lib/action_dispatch/routing/route_set.rb:840:in `call'
rack (2.0.7) lib/rack/tempfile_reaper.rb:15:in `call'
rack (2.0.7) lib/rack/etag.rb:25:in `call'
rack (2.0.7) lib/rack/conditional_get.rb:25:in `call'
rack (2.0.7) lib/rack/head.rb:12:in `call'
actionpack (5.2.3) lib/action_dispatch/http/content_security_policy.rb:18:in `call'
rack (2.0.7) lib/rack/session/abstract/id.rb:232:in `context'
rack (2.0.7) lib/rack/session/abstract/id.rb:226:in `call'
actionpack (5.2.3) lib/action_dispatch/middleware/cookies.rb:670:in `call'
activerecord (5.2.3) lib/active_record/migration.rb:559:in `call'
actionpack (5.2.3) lib/action_dispatch/middleware/callbacks.rb:28:in `block in call'
activesupport (5.2.3) lib/active_support/callbacks.rb:98:in `run_callbacks'
actionpack (5.2.3) lib/action_dispatch/middleware/callbacks.rb:26:in `call'
actionpack (5.2.3) lib/action_dispatch/middleware/executor.rb:14:in `call'
actionpack (5.2.3) lib/action_dispatch/middleware/debug_exceptions.rb:61:in `call'
web-console (3.7.0) lib/web_console/middleware.rb:135:in `call_app'
web-console (3.7.0) lib/web_console/middleware.rb:30:in `block in call'
web-console (3.7.0) lib/web_console/middleware.rb:20:in `catch'
web-console (3.7.0) lib/web_console/middleware.rb:20:in `call'
actionpack (5.2.3) lib/action_dispatch/middleware/show_exceptions.rb:33:in `call'
railties (5.2.3) lib/rails/rack/logger.rb:38:in `call_app'
railties (5.2.3) lib/rails/rack/logger.rb:26:in `block in call'
activesupport (5.2.3) lib/active_support/tagged_logging.rb:71:in `block in tagged'
activesupport (5.2.3) lib/active_support/tagged_logging.rb:28:in `tagged'
activesupport (5.2.3) lib/active_support/tagged_logging.rb:71:in `tagged'
railties (5.2.3) lib/rails/rack/logger.rb:26:in `call'
sprockets-rails (3.2.1) lib/sprockets/rails/quiet_assets.rb:13:in `call'
actionpack (5.2.3) lib/action_dispatch/middleware/remote_ip.rb:81:in `call'
actionpack (5.2.3) lib/action_dispatch/middleware/request_id.rb:27:in `call'
rack (2.0.7) lib/rack/method_override.rb:22:in `call'
rack (2.0.7) lib/rack/runtime.rb:22:in `call'
activesupport (5.2.3) lib/active_support/cache/strategy/local_cache_middleware.rb:29:in `call'
actionpack (5.2.3) lib/action_dispatch/middleware/executor.rb:14:in `call'
actionpack (5.2.3) lib/action_dispatch/middleware/static.rb:127:in `call'
rack (2.0.7) lib/rack/sendfile.rb:111:in `call'
railties (5.2.3) lib/rails/engine.rb:524:in `call'
puma (3.12.1) lib/puma/configuration.rb:227:in `call'
puma (3.12.1) lib/puma/server.rb:660:in `handle_request'
puma (3.12.1) lib/puma/server.rb:474:in `process_client'
puma (3.12.1) lib/puma/server.rb:334:in `block in run'
puma (3.12.1) lib/puma/thread_pool.rb:135:in `block in spawn_thread'
Started GET "/" for 127.0.0.1 at 2019-09-23 23:22:00 -0500
Processing by GramsController#index as HTML
  Rendering grams/index.html.erb within layouts/application
  Rendered grams/index.html.erb within layouts/application (0.3ms)
Completed 200 OK in 635ms (Views: 632.7ms | ActiveRecord: 0.0ms)


  [1m[35m (28.3ms)[0m  [1m[35mCREATE TABLE "schema_migrations" ("version" character varying NOT NULL PRIMARY KEY)[0m
  ↳ /Users/austinwalker/.rbenv/versions/2.3.7/bin/rake:22
  [1m[35m (8.2ms)[0m  [1m[35mCREATE TABLE "ar_internal_metadata" ("key" character varying NOT NULL PRIMARY KEY, "value" character varying, "created_at" timestamp NOT NULL, "updated_at" timestamp NOT NULL)[0m
  ↳ /Users/austinwalker/.rbenv/versions/2.3.7/bin/rake:22
  [1m[35m (1.2ms)[0m  [1m[34mSELECT pg_try_advisory_lock(5866445207947997295)[0m
  ↳ /Users/austinwalker/.rbenv/versions/2.3.7/bin/rake:22
  [1m[35m (0.9ms)[0m  [1m[34mSELECT "schema_migrations"."version" FROM "schema_migrations" ORDER BY "schema_migrations"."version" ASC[0m
  ↳ /Users/austinwalker/.rbenv/versions/2.3.7/bin/rake:22
Migrating to CreateGrams (20190924042507)
  [1m[35m (0.2ms)[0m  [1m[35mBEGIN[0m
  ↳ /Users/austinwalker/.rbenv/versions/2.3.7/bin/rake:22
  [1m[35m (8.4ms)[0m  [1m[35mCREATE TABLE "grams" ("id" bigserial primary key, "message" text, "created_at" timestamp NOT NULL, "updated_at" timestamp NOT NULL)[0m
  ↳ db/migrate/20190924042507_create_grams.rb:3
  [1m[36mActiveRecord::SchemaMigration Create (1.2ms)[0m  [1m[32mINSERT INTO "schema_migrations" ("version") VALUES ($1) RETURNING "version"[0m  [["version", "20190924042507"]]
  ↳ /Users/austinwalker/.rbenv/versions/2.3.7/bin/rake:22
  [1m[35m (0.6ms)[0m  [1m[35mCOMMIT[0m
  ↳ /Users/austinwalker/.rbenv/versions/2.3.7/bin/rake:22
  [1m[36mActiveRecord::InternalMetadata Load (0.9ms)[0m  [1m[34mSELECT  "ar_internal_metadata".* FROM "ar_internal_metadata" WHERE "ar_internal_metadata"."key" = $1 LIMIT $2[0m  [["key", "environment"], ["LIMIT", 1]]
  ↳ /Users/austinwalker/.rbenv/versions/2.3.7/bin/rake:22
  [1m[35m (0.2ms)[0m  [1m[35mBEGIN[0m
  ↳ /Users/austinwalker/.rbenv/versions/2.3.7/bin/rake:22
  [1m[36mActiveRecord::InternalMetadata Create (0.6ms)[0m  [1m[32mINSERT INTO "ar_internal_metadata" ("key", "value", "created_at", "updated_at") VALUES ($1, $2, $3, $4) RETURNING "key"[0m  [["key", "environment"], ["value", "development"], ["created_at", "2019-09-24 04:26:15.922497"], ["updated_at", "2019-09-24 04:26:15.922497"]]
  ↳ /Users/austinwalker/.rbenv/versions/2.3.7/bin/rake:22
  [1m[35m (0.5ms)[0m  [1m[35mCOMMIT[0m
  ↳ /Users/austinwalker/.rbenv/versions/2.3.7/bin/rake:22
  [1m[35m (0.3ms)[0m  [1m[34mSELECT pg_advisory_unlock(5866445207947997295)[0m
  ↳ /Users/austinwalker/.rbenv/versions/2.3.7/bin/rake:22
  [1m[35m (0.3ms)[0m  [1m[34mSELECT "schema_migrations"."version" FROM "schema_migrations" ORDER BY "schema_migrations"."version" ASC[0m
  ↳ /Users/austinwalker/.rbenv/versions/2.3.7/bin/rake:22
Started GET "/" for 127.0.0.1 at 2019-09-23 23:33:18 -0500
  [1m[35m (0.7ms)[0m  [1m[34mSELECT "schema_migrations"."version" FROM "schema_migrations" ORDER BY "schema_migrations"."version" ASC[0m
  ↳ /Users/austinwalker/.rbenv/versions/2.3.7/lib/ruby/gems/2.3.0/gems/activerecord-5.2.3/lib/active_record/log_subscriber.rb:98
Processing by GramsController#index as HTML
  Rendering grams/index.html.erb within layouts/application
  Rendered grams/index.html.erb within layouts/application (0.5ms)
Completed 200 OK in 35ms (Views: 32.5ms | ActiveRecord: 0.0ms)


Started GET "/" for 127.0.0.1 at 2019-09-23 23:33:19 -0500
Processing by GramsController#index as HTML
  Rendering grams/index.html.erb within layouts/application
  Rendered grams/index.html.erb within layouts/application (0.7ms)
Completed 200 OK in 34ms (Views: 30.9ms | ActiveRecord: 0.0ms)


Started GET "/" for 127.0.0.1 at 2019-09-23 23:33:28 -0500
Processing by GramsController#index as HTML
  Rendering grams/index.html.erb within layouts/application
  Rendered grams/index.html.erb within layouts/application (0.5ms)
Completed 200 OK in 31ms (Views: 27.4ms | ActiveRecord: 0.0ms)


Started GET "/" for 127.0.0.1 at 2019-09-23 23:33:29 -0500
Processing by GramsController#index as HTML
  Rendering grams/index.html.erb within layouts/application
  Rendered grams/index.html.erb within layouts/application (0.5ms)
Completed 200 OK in 33ms (Views: 30.4ms | ActiveRecord: 0.0ms)


Started GET "/" for 127.0.0.1 at 2019-09-23 23:39:21 -0500
Processing by GramsController#index as HTML
  Rendering grams/index.html.erb within layouts/application
  Rendered grams/index.html.erb within layouts/application (0.7ms)
Completed 500 Internal Server Error in 42ms (ActiveRecord: 0.0ms)


  
ActionView::Template::Error (File to import not found or unreadable: bootstrap;.
Load paths:
  /Users/austinwalker/Desktop/tdd/grammable/app/assets/config
  /Users/austinwalker/Desktop/tdd/grammable/app/assets/images
  /Users/austinwalker/Desktop/tdd/grammable/app/assets/javascripts
  /Users/austinwalker/Desktop/tdd/grammable/app/assets/stylesheets
  /Users/austinwalker/.rbenv/versions/2.3.7/lib/ruby/gems/2.3.0/gems/coffee-rails-4.2.2/lib/assets/javascripts
  /Users/austinwalker/.rbenv/versions/2.3.7/lib/ruby/gems/2.3.0/gems/actioncable-5.2.3/lib/assets/compiled
  /Users/austinwalker/.rbenv/versions/2.3.7/lib/ruby/gems/2.3.0/gems/activestorage-5.2.3/app/assets/javascripts
  /Users/austinwalker/.rbenv/versions/2.3.7/lib/ruby/gems/2.3.0/gems/actionview-5.2.3/lib/assets/compiled
  /Users/austinwalker/.rbenv/versions/2.3.7/lib/ruby/gems/2.3.0/gems/turbolinks-source-5.2.0/lib/assets/javascripts
  /Users/austinwalker/Desktop/tdd/grammable/node_modules):
     5:     <%= csrf_meta_tags %>
     6:     <%= csp_meta_tag %>
     7: 
     8:     <%= stylesheet_link_tag    'application', media: 'all', 'data-turbolinks-track': 'reload' %>
     9:     <%= javascript_include_tag 'application', 'data-turbolinks-track': 'reload' %>
    10:   </head>
    11: 
  
app/assets/stylesheets/application.scss:1
app/views/layouts/application.html.erb:8:in `_app_views_layouts_application_html_erb___981136988291628694_70265639158260'
Started GET "/" for 127.0.0.1 at 2019-09-23 23:40:20 -0500
Processing by GramsController#index as HTML
  Rendering grams/index.html.erb within layouts/application
  Rendered grams/index.html.erb within layouts/application (0.4ms)
Completed 500 Internal Server Error in 36ms (ActiveRecord: 0.0ms)


  
ActionView::Template::Error (File to import not found or unreadable: bootstrap;.
Load paths:
  /Users/austinwalker/Desktop/tdd/grammable/app/assets/config
  /Users/austinwalker/Desktop/tdd/grammable/app/assets/images
  /Users/austinwalker/Desktop/tdd/grammable/app/assets/javascripts
  /Users/austinwalker/Desktop/tdd/grammable/app/assets/stylesheets
  /Users/austinwalker/.rbenv/versions/2.3.7/lib/ruby/gems/2.3.0/gems/coffee-rails-4.2.2/lib/assets/javascripts
  /Users/austinwalker/.rbenv/versions/2.3.7/lib/ruby/gems/2.3.0/gems/actioncable-5.2.3/lib/assets/compiled
  /Users/austinwalker/.rbenv/versions/2.3.7/lib/ruby/gems/2.3.0/gems/activestorage-5.2.3/app/assets/javascripts
  /Users/austinwalker/.rbenv/versions/2.3.7/lib/ruby/gems/2.3.0/gems/actionview-5.2.3/lib/assets/compiled
  /Users/austinwalker/.rbenv/versions/2.3.7/lib/ruby/gems/2.3.0/gems/turbolinks-source-5.2.0/lib/assets/javascripts
  /Users/austinwalker/Desktop/tdd/grammable/node_modules):
     5:     <%= csrf_meta_tags %>
     6:     <%= csp_meta_tag %>
     7: 
     8:     <%= stylesheet_link_tag    'application', media: 'all', 'data-turbolinks-track': 'reload' %>
     9:     <%= javascript_include_tag 'application', 'data-turbolinks-track': 'reload' %>
    10:   </head>
    11: 
  
app/assets/stylesheets/application.scss:1
app/views/layouts/application.html.erb:8:in `_app_views_layouts_application_html_erb___981136988291628694_70265678998040'
Started GET "/" for 127.0.0.1 at 2019-09-23 23:40:49 -0500
Processing by GramsController#index as HTML
  Rendering grams/index.html.erb within layouts/application
  Rendered grams/index.html.erb within layouts/application (0.4ms)
Completed 500 Internal Server Error in 43ms (ActiveRecord: 0.0ms)


  
ActionView::Template::Error (couldn't find file 'popper' with type 'application/javascript'
Checked in these paths: 
  /Users/austinwalker/Desktop/tdd/grammable/app/assets/config
  /Users/austinwalker/Desktop/tdd/grammable/app/assets/images
  /Users/austinwalker/Desktop/tdd/grammable/app/assets/javascripts
  /Users/austinwalker/Desktop/tdd/grammable/app/assets/stylesheets
  /Users/austinwalker/.rbenv/versions/2.3.7/lib/ruby/gems/2.3.0/gems/coffee-rails-4.2.2/lib/assets/javascripts
  /Users/austinwalker/.rbenv/versions/2.3.7/lib/ruby/gems/2.3.0/gems/actioncable-5.2.3/lib/assets/compiled
  /Users/austinwalker/.rbenv/versions/2.3.7/lib/ruby/gems/2.3.0/gems/activestorage-5.2.3/app/assets/javascripts
  /Users/austinwalker/.rbenv/versions/2.3.7/lib/ruby/gems/2.3.0/gems/actionview-5.2.3/lib/assets/compiled
  /Users/austinwalker/.rbenv/versions/2.3.7/lib/ruby/gems/2.3.0/gems/turbolinks-source-5.2.0/lib/assets/javascripts
  /Users/austinwalker/Desktop/tdd/grammable/node_modules):
     6:     <%= csp_meta_tag %>
     7: 
     8:     <%= stylesheet_link_tag    'application', media: 'all', 'data-turbolinks-track': 'reload' %>
     9:     <%= javascript_include_tag 'application', 'data-turbolinks-track': 'reload' %>
    10:   </head>
    11: 
    12:   <body>
  
app/assets/javascripts/application.js:16
app/views/layouts/application.html.erb:9:in `_app_views_layouts_application_html_erb___981136988291628694_70265694852800'
Started GET "/" for 127.0.0.1 at 2019-09-23 23:41:07 -0500
Processing by GramsController#index as HTML
  Rendering grams/index.html.erb within layouts/application
  Rendered grams/index.html.erb within layouts/application (0.4ms)
Completed 500 Internal Server Error in 23ms (ActiveRecord: 0.0ms)


  
ActionView::Template::Error (couldn't find file 'tether' with type 'application/javascript'
Checked in these paths: 
  /Users/austinwalker/Desktop/tdd/grammable/app/assets/config
  /Users/austinwalker/Desktop/tdd/grammable/app/assets/images
  /Users/austinwalker/Desktop/tdd/grammable/app/assets/javascripts
  /Users/austinwalker/Desktop/tdd/grammable/app/assets/stylesheets
  /Users/austinwalker/.rbenv/versions/2.3.7/lib/ruby/gems/2.3.0/gems/coffee-rails-4.2.2/lib/assets/javascripts
  /Users/austinwalker/.rbenv/versions/2.3.7/lib/ruby/gems/2.3.0/gems/actioncable-5.2.3/lib/assets/compiled
  /Users/austinwalker/.rbenv/versions/2.3.7/lib/ruby/gems/2.3.0/gems/activestorage-5.2.3/app/assets/javascripts
  /Users/austinwalker/.rbenv/versions/2.3.7/lib/ruby/gems/2.3.0/gems/actionview-5.2.3/lib/assets/compiled
  /Users/austinwalker/.rbenv/versions/2.3.7/lib/ruby/gems/2.3.0/gems/turbolinks-source-5.2.0/lib/assets/javascripts
  /Users/austinwalker/Desktop/tdd/grammable/node_modules):
     6:     <%= csp_meta_tag %>
     7: 
     8:     <%= stylesheet_link_tag    'application', media: 'all', 'data-turbolinks-track': 'reload' %>
     9:     <%= javascript_include_tag 'application', 'data-turbolinks-track': 'reload' %>
    10:   </head>
    11: 
    12:   <body>
  
app/assets/javascripts/application.js:16
app/views/layouts/application.html.erb:9:in `_app_views_layouts_application_html_erb___981136988291628694_70265695542800'
Started GET "/" for 127.0.0.1 at 2019-09-23 23:41:16 -0500
Processing by GramsController#index as HTML
  Rendering grams/index.html.erb within layouts/application
  Rendered grams/index.html.erb within layouts/application (0.5ms)
Completed 500 Internal Server Error in 23ms (ActiveRecord: 0.0ms)


  
ActionView::Template::Error (couldn't find file 'bootstrap-sprockets' with type 'application/javascript'
Checked in these paths: 
  /Users/austinwalker/Desktop/tdd/grammable/app/assets/config
  /Users/austinwalker/Desktop/tdd/grammable/app/assets/images
  /Users/austinwalker/Desktop/tdd/grammable/app/assets/javascripts
  /Users/austinwalker/Desktop/tdd/grammable/app/assets/stylesheets
  /Users/austinwalker/.rbenv/versions/2.3.7/lib/ruby/gems/2.3.0/gems/coffee-rails-4.2.2/lib/assets/javascripts
  /Users/austinwalker/.rbenv/versions/2.3.7/lib/ruby/gems/2.3.0/gems/actioncable-5.2.3/lib/assets/compiled
  /Users/austinwalker/.rbenv/versions/2.3.7/lib/ruby/gems/2.3.0/gems/activestorage-5.2.3/app/assets/javascripts
  /Users/austinwalker/.rbenv/versions/2.3.7/lib/ruby/gems/2.3.0/gems/actionview-5.2.3/lib/assets/compiled
  /Users/austinwalker/.rbenv/versions/2.3.7/lib/ruby/gems/2.3.0/gems/turbolinks-source-5.2.0/lib/assets/javascripts
  /Users/austinwalker/Desktop/tdd/grammable/node_modules):
     6:     <%= csp_meta_tag %>
     7: 
     8:     <%= stylesheet_link_tag    'application', media: 'all', 'data-turbolinks-track': 'reload' %>
     9:     <%= javascript_include_tag 'application', 'data-turbolinks-track': 'reload' %>
    10:   </head>
    11: 
    12:   <body>
  
app/assets/javascripts/application.js:17
app/views/layouts/application.html.erb:9:in `_app_views_layouts_application_html_erb___981136988291628694_70265681347980'
Started GET "/" for 127.0.0.1 at 2019-09-23 23:41:26 -0500
Processing by GramsController#index as HTML
  Rendering grams/index.html.erb within layouts/application
  Rendered grams/index.html.erb within layouts/application (0.4ms)
Completed 200 OK in 65ms (Views: 62.3ms | ActiveRecord: 0.0ms)


Started GET "/" for 127.0.0.1 at 2019-09-23 23:47:45 -0500
Processing by GramsController#index as HTML
  Rendering grams/index.html.erb within layouts/application
  Rendered grams/index.html.erb within layouts/application (139.3ms)
Completed 500 Internal Server Error in 147ms (ActiveRecord: 0.0ms)


  
ActionView::Template::Error (undefined method `simple_form_for' for #<#<Class:0x00007fd0014ae470>:0x00007fd0014a5eb0>
Did you mean?  simple_format):
    1: <h1>Grams!</h1>
    2: 
    3: <%= simple_form_for @gram do |f| %>
    4:   <%= f.input :message %>
    5:   <%= f.submit "Post!" %>
    6:   <% end %>
  
app/views/grams/index.html.erb:3:in `_app_views_grams_index_html_erb___2904494871296381873_70265675808020'
Started GET "/grams/new" for 127.0.0.1 at 2019-09-23 23:48:41 -0500
  
ActionController::RoutingError (No route matches [GET] "/grams/new"):
  
actionpack (5.2.3) lib/action_dispatch/middleware/debug_exceptions.rb:65:in `call'
web-console (3.7.0) lib/web_console/middleware.rb:135:in `call_app'
web-console (3.7.0) lib/web_console/middleware.rb:30:in `block in call'
web-console (3.7.0) lib/web_console/middleware.rb:20:in `catch'
web-console (3.7.0) lib/web_console/middleware.rb:20:in `call'
actionpack (5.2.3) lib/action_dispatch/middleware/show_exceptions.rb:33:in `call'
railties (5.2.3) lib/rails/rack/logger.rb:38:in `call_app'
railties (5.2.3) lib/rails/rack/logger.rb:26:in `block in call'
activesupport (5.2.3) lib/active_support/tagged_logging.rb:71:in `block in tagged'
activesupport (5.2.3) lib/active_support/tagged_logging.rb:28:in `tagged'
activesupport (5.2.3) lib/active_support/tagged_logging.rb:71:in `tagged'
railties (5.2.3) lib/rails/rack/logger.rb:26:in `call'
sprockets-rails (3.2.1) lib/sprockets/rails/quiet_assets.rb:13:in `call'
actionpack (5.2.3) lib/action_dispatch/middleware/remote_ip.rb:81:in `call'
actionpack (5.2.3) lib/action_dispatch/middleware/request_id.rb:27:in `call'
rack (2.0.7) lib/rack/method_override.rb:22:in `call'
rack (2.0.7) lib/rack/runtime.rb:22:in `call'
activesupport (5.2.3) lib/active_support/cache/strategy/local_cache_middleware.rb:29:in `call'
actionpack (5.2.3) lib/action_dispatch/middleware/executor.rb:14:in `call'
actionpack (5.2.3) lib/action_dispatch/middleware/static.rb:127:in `call'
rack (2.0.7) lib/rack/sendfile.rb:111:in `call'
railties (5.2.3) lib/rails/engine.rb:524:in `call'
puma (3.12.1) lib/puma/configuration.rb:227:in `call'
puma (3.12.1) lib/puma/server.rb:660:in `handle_request'
puma (3.12.1) lib/puma/server.rb:474:in `process_client'
puma (3.12.1) lib/puma/server.rb:334:in `block in run'
puma (3.12.1) lib/puma/thread_pool.rb:135:in `block in spawn_thread'
Started GET "/grams/new" for 127.0.0.1 at 2019-09-23 23:53:28 -0500
  
ActionController::RoutingError (No route matches [GET] "/grams/new"):
  
actionpack (5.2.3) lib/action_dispatch/middleware/debug_exceptions.rb:65:in `call'
web-console (3.7.0) lib/web_console/middleware.rb:135:in `call_app'
web-console (3.7.0) lib/web_console/middleware.rb:30:in `block in call'
web-console (3.7.0) lib/web_console/middleware.rb:20:in `catch'
web-console (3.7.0) lib/web_console/middleware.rb:20:in `call'
actionpack (5.2.3) lib/action_dispatch/middleware/show_exceptions.rb:33:in `call'
railties (5.2.3) lib/rails/rack/logger.rb:38:in `call_app'
railties (5.2.3) lib/rails/rack/logger.rb:26:in `block in call'
activesupport (5.2.3) lib/active_support/tagged_logging.rb:71:in `block in tagged'
activesupport (5.2.3) lib/active_support/tagged_logging.rb:28:in `tagged'
activesupport (5.2.3) lib/active_support/tagged_logging.rb:71:in `tagged'
railties (5.2.3) lib/rails/rack/logger.rb:26:in `call'
sprockets-rails (3.2.1) lib/sprockets/rails/quiet_assets.rb:13:in `call'
actionpack (5.2.3) lib/action_dispatch/middleware/remote_ip.rb:81:in `call'
actionpack (5.2.3) lib/action_dispatch/middleware/request_id.rb:27:in `call'
rack (2.0.7) lib/rack/method_override.rb:22:in `call'
rack (2.0.7) lib/rack/runtime.rb:22:in `call'
activesupport (5.2.3) lib/active_support/cache/strategy/local_cache_middleware.rb:29:in `call'
actionpack (5.2.3) lib/action_dispatch/middleware/executor.rb:14:in `call'
actionpack (5.2.3) lib/action_dispatch/middleware/static.rb:127:in `call'
rack (2.0.7) lib/rack/sendfile.rb:111:in `call'
railties (5.2.3) lib/rails/engine.rb:524:in `call'
puma (3.12.1) lib/puma/configuration.rb:227:in `call'
puma (3.12.1) lib/puma/server.rb:660:in `handle_request'
puma (3.12.1) lib/puma/server.rb:474:in `process_client'
puma (3.12.1) lib/puma/server.rb:334:in `block in run'
puma (3.12.1) lib/puma/thread_pool.rb:135:in `block in spawn_thread'
Started GET "/grams/new" for 127.0.0.1 at 2019-09-24 00:05:30 -0500
  
ActionController::RoutingError (No route matches [GET] "/grams/new"):
  
actionpack (5.2.3) lib/action_dispatch/middleware/debug_exceptions.rb:65:in `call'
web-console (3.7.0) lib/web_console/middleware.rb:135:in `call_app'
web-console (3.7.0) lib/web_console/middleware.rb:30:in `block in call'
web-console (3.7.0) lib/web_console/middleware.rb:20:in `catch'
web-console (3.7.0) lib/web_console/middleware.rb:20:in `call'
actionpack (5.2.3) lib/action_dispatch/middleware/show_exceptions.rb:33:in `call'
railties (5.2.3) lib/rails/rack/logger.rb:38:in `call_app'
railties (5.2.3) lib/rails/rack/logger.rb:26:in `block in call'
activesupport (5.2.3) lib/active_support/tagged_logging.rb:71:in `block in tagged'
activesupport (5.2.3) lib/active_support/tagged_logging.rb:28:in `tagged'
activesupport (5.2.3) lib/active_support/tagged_logging.rb:71:in `tagged'
railties (5.2.3) lib/rails/rack/logger.rb:26:in `call'
sprockets-rails (3.2.1) lib/sprockets/rails/quiet_assets.rb:13:in `call'
actionpack (5.2.3) lib/action_dispatch/middleware/remote_ip.rb:81:in `call'
actionpack (5.2.3) lib/action_dispatch/middleware/request_id.rb:27:in `call'
rack (2.0.7) lib/rack/method_override.rb:22:in `call'
rack (2.0.7) lib/rack/runtime.rb:22:in `call'
activesupport (5.2.3) lib/active_support/cache/strategy/local_cache_middleware.rb:29:in `call'
actionpack (5.2.3) lib/action_dispatch/middleware/executor.rb:14:in `call'
actionpack (5.2.3) lib/action_dispatch/middleware/static.rb:127:in `call'
rack (2.0.7) lib/rack/sendfile.rb:111:in `call'
railties (5.2.3) lib/rails/engine.rb:524:in `call'
puma (3.12.1) lib/puma/configuration.rb:227:in `call'
puma (3.12.1) lib/puma/server.rb:660:in `handle_request'
puma (3.12.1) lib/puma/server.rb:474:in `process_client'
puma (3.12.1) lib/puma/server.rb:334:in `block in run'
puma (3.12.1) lib/puma/thread_pool.rb:135:in `block in spawn_thread'
Started GET "/grams/new" for 127.0.0.1 at 2019-09-24 00:05:36 -0500
  
ActionController::RoutingError (No route matches [GET] "/grams/new"):
  
actionpack (5.2.3) lib/action_dispatch/middleware/debug_exceptions.rb:65:in `call'
web-console (3.7.0) lib/web_console/middleware.rb:135:in `call_app'
web-console (3.7.0) lib/web_console/middleware.rb:30:in `block in call'
web-console (3.7.0) lib/web_console/middleware.rb:20:in `catch'
web-console (3.7.0) lib/web_console/middleware.rb:20:in `call'
actionpack (5.2.3) lib/action_dispatch/middleware/show_exceptions.rb:33:in `call'
railties (5.2.3) lib/rails/rack/logger.rb:38:in `call_app'
railties (5.2.3) lib/rails/rack/logger.rb:26:in `block in call'
activesupport (5.2.3) lib/active_support/tagged_logging.rb:71:in `block in tagged'
activesupport (5.2.3) lib/active_support/tagged_logging.rb:28:in `tagged'
activesupport (5.2.3) lib/active_support/tagged_logging.rb:71:in `tagged'
railties (5.2.3) lib/rails/rack/logger.rb:26:in `call'
sprockets-rails (3.2.1) lib/sprockets/rails/quiet_assets.rb:13:in `call'
actionpack (5.2.3) lib/action_dispatch/middleware/remote_ip.rb:81:in `call'
actionpack (5.2.3) lib/action_dispatch/middleware/request_id.rb:27:in `call'
rack (2.0.7) lib/rack/method_override.rb:22:in `call'
rack (2.0.7) lib/rack/runtime.rb:22:in `call'
activesupport (5.2.3) lib/active_support/cache/strategy/local_cache_middleware.rb:29:in `call'
actionpack (5.2.3) lib/action_dispatch/middleware/executor.rb:14:in `call'
actionpack (5.2.3) lib/action_dispatch/middleware/static.rb:127:in `call'
rack (2.0.7) lib/rack/sendfile.rb:111:in `call'
railties (5.2.3) lib/rails/engine.rb:524:in `call'
puma (3.12.1) lib/puma/configuration.rb:227:in `call'
puma (3.12.1) lib/puma/server.rb:660:in `handle_request'
puma (3.12.1) lib/puma/server.rb:474:in `process_client'
puma (3.12.1) lib/puma/server.rb:334:in `block in run'
puma (3.12.1) lib/puma/thread_pool.rb:135:in `block in spawn_thread'
  [1m[35m (0.2ms)[0m  [1m[34mSELECT pg_try_advisory_lock(5866445207947997295)[0m
  ↳ /Users/austinwalker/.rbenv/versions/2.3.7/bin/rake:22
  [1m[35m (1.9ms)[0m  [1m[34mSELECT "schema_migrations"."version" FROM "schema_migrations" ORDER BY "schema_migrations"."version" ASC[0m
  ↳ /Users/austinwalker/.rbenv/versions/2.3.7/bin/rake:22
Migrating to AlterGramsAddUserId (20190924051348)
  [1m[35m (0.3ms)[0m  [1m[35mBEGIN[0m
  ↳ /Users/austinwalker/.rbenv/versions/2.3.7/bin/rake:22
  [1m[35m (2.7ms)[0m  [1m[35mALTER TABLE "grams" ADD "user_id" integer[0m
  ↳ db/migrate/20190924051348_alter_grams_add_user_id.rb:3
  [1m[35m (5.3ms)[0m  [1m[35mCREATE  INDEX  "index_grams_on_user_id" ON "grams"  ("user_id")[0m
  ↳ db/migrate/20190924051348_alter_grams_add_user_id.rb:4
  [1m[36mActiveRecord::SchemaMigration Create (0.5ms)[0m  [1m[32mINSERT INTO "schema_migrations" ("version") VALUES ($1) RETURNING "version"[0m  [["version", "20190924051348"]]
  ↳ /Users/austinwalker/.rbenv/versions/2.3.7/bin/rake:22
  [1m[35m (0.6ms)[0m  [1m[35mCOMMIT[0m
  ↳ /Users/austinwalker/.rbenv/versions/2.3.7/bin/rake:22
  [1m[36mActiveRecord::InternalMetadata Load (0.4ms)[0m  [1m[34mSELECT  "ar_internal_metadata".* FROM "ar_internal_metadata" WHERE "ar_internal_metadata"."key" = $1 LIMIT $2[0m  [["key", "environment"], ["LIMIT", 1]]
  ↳ /Users/austinwalker/.rbenv/versions/2.3.7/bin/rake:22
  [1m[35m (0.2ms)[0m  [1m[35mBEGIN[0m
  ↳ /Users/austinwalker/.rbenv/versions/2.3.7/bin/rake:22
  [1m[35m (0.2ms)[0m  [1m[35mCOMMIT[0m
  ↳ /Users/austinwalker/.rbenv/versions/2.3.7/bin/rake:22
  [1m[35m (0.3ms)[0m  [1m[34mSELECT pg_advisory_unlock(5866445207947997295)[0m
  ↳ /Users/austinwalker/.rbenv/versions/2.3.7/bin/rake:22
  [1m[35m (0.7ms)[0m  [1m[34mSELECT "schema_migrations"."version" FROM "schema_migrations" ORDER BY "schema_migrations"."version" ASC[0m
  ↳ /Users/austinwalker/.rbenv/versions/2.3.7/bin/rake:22
Started GET "/" for 127.0.0.1 at 2019-09-25 08:21:22 -0500
  [1m[35m (1.8ms)[0m  [1m[34mSELECT "schema_migrations"."version" FROM "schema_migrations" ORDER BY "schema_migrations"."version" ASC[0m
  ↳ /Users/austinwalker/.rbenv/versions/2.3.7/lib/ruby/gems/2.3.0/gems/activerecord-5.2.3/lib/active_record/log_subscriber.rb:98
Processing by GramsController#index as HTML
  Rendering grams/index.html.erb within layouts/application
  Rendered grams/index.html.erb within layouts/application (121.1ms)
Completed 500 Internal Server Error in 148ms (ActiveRecord: 0.0ms)


  
ActionView::Template::Error (undefined method `model_name' for nil:NilClass):
    1: <h1>Grams!</h1>
    2: 
    3: <%= simple_form_for @gram do |f| %>
    4:   <%= f.input :message %>
    5:   <%= f.submit "Post!" %>
    6:   <% end %>
  
app/views/grams/index.html.erb:3:in `_app_views_grams_index_html_erb__610641156657369368_70259180703360'
Started GET "/" for 127.0.0.1 at 2019-09-25 08:25:17 -0500
Processing by GramsController#index as HTML
  Rendering grams/index.html.erb within layouts/application
  Rendered grams/index.html.erb within layouts/application (4.2ms)
Completed 500 Internal Server Error in 18ms (ActiveRecord: 0.0ms)


  
ActionView::Template::Error (undefined method `model_name' for nil:NilClass):
    1: <h1>Grams!</h1>
    2: 
    3: <%= simple_form_for @gram do |f| %>
    4:   <%= f.input :message %>
    5:   <%= f.submit "Post!" %>
    6:   <% end %>
  
app/views/grams/index.html.erb:3:in `_app_views_grams_index_html_erb__610641156657369368_70259170102020'
Started GET "/" for 127.0.0.1 at 2019-09-25 08:27:10 -0500
  
LoadError (cannot load such file -- rails_helper):
  
app/controllers/grams_controller.rb:1:in `<main>'
Started GET "/" for 127.0.0.1 at 2019-09-25 09:12:18 -0500
Processing by GramsController#index as HTML
  Rendering grams/index.html.erb within layouts/application
  Rendered grams/index.html.erb within layouts/application (4.0ms)
Completed 500 Internal Server Error in 17ms (ActiveRecord: 0.0ms)


  
ActionView::Template::Error (undefined method `model_name' for nil:NilClass):
    1: <h1>Grams!</h1>
    2: 
    3: <%= simple_form_for @gram do |f| %>
    4:   <%= f.input :message %>
    5:   <%= f.submit "Post!" %>
    6:   <% end %>
  
app/views/grams/index.html.erb:3:in `_app_views_grams_index_html_erb__610641156657369368_70259168447960'
